0 info it worked if it ends with ok
1 verbose cli [ 'D:\\nodejs\\\\node.exe',
1 verbose cli   'D:\\nodejs\\node_modules\\npm\\bin\\npm-cli.js',
1 verbose cli   'install',
1 verbose cli   'fs' ]
2 info using npm@1.3.21
3 info using node@v0.10.24
4 verbose node symlink D:\nodejs\\node.exe
5 verbose readDependencies using package.json deps
6 verbose cache add [ 'fs', null ]
7 verbose cache add name=undefined spec="fs" args=["fs",null]
8 verbose parsed url { protocol: null,
8 verbose parsed url   slashes: null,
8 verbose parsed url   auth: null,
8 verbose parsed url   host: null,
8 verbose parsed url   port: null,
8 verbose parsed url   hostname: null,
8 verbose parsed url   hash: null,
8 verbose parsed url   search: null,
8 verbose parsed url   query: null,
8 verbose parsed url   pathname: 'fs',
8 verbose parsed url   path: 'fs',
8 verbose parsed url   href: 'fs' }
9 silly lockFile 3f4bb586-fs fs
10 verbose lock fs C:\Users\sonichuang\AppData\Roaming\npm-cache\3f4bb586-fs.lock
11 silly lockFile 3f4bb586-fs fs
12 silly lockFile 3f4bb586-fs fs
13 verbose addNamed [ 'fs', '' ]
14 verbose addNamed [ null, '*' ]
15 silly lockFile a107b96b-fs fs@
16 verbose lock fs@ C:\Users\sonichuang\AppData\Roaming\npm-cache\a107b96b-fs.lock
17 silly addNameRange { name: 'fs', range: '*', hasData: false }
18 verbose url raw fs
19 verbose url resolving [ 'http://registry.cnpmjs.org/', './fs' ]
20 verbose url resolved http://registry.cnpmjs.org/fs
21 info trying registry request attempt 1 at 12:58:35
22 http GET http://registry.cnpmjs.org/fs
23 http 404 http://registry.cnpmjs.org/fs
24 silly registry.get cb [ 404,
24 silly registry.get   { server: 'nginx/1.0.5',
24 silly registry.get     date: 'Thu, 09 Jan 2014 04:58:36 GMT',
24 silly registry.get     'content-type': 'application/json; charset=utf-8',
24 silly registry.get     'content-length': '51',
24 silly registry.get     'x-readtime': '24426',
24 silly registry.get     'set-cookie': [ 'AuthSession=s%3A1ncBjtjD1pc5yzvridKisWbS.UT8TEk66tRbyVIDctosiuiv28mgurt7xTpr2KdBf3BQ; Path=/; Expires=Sat, 08 Feb 2014 04:58:36 GMT; HttpOnly' ],
24 silly registry.get     'x-cache': 'MISS from SK-SQUIDAPP-40',
24 silly registry.get     'x-cache-lookup': 'HIT from SK-SQUIDAPP-40:8080',
24 silly registry.get     via: '1.1 SK-SQUIDAPP-40:8080 (squid/2.7.STABLE6)',
24 silly registry.get     connection: 'close' } ]
25 silly lockFile a107b96b-fs fs@
26 silly lockFile a107b96b-fs fs@
27 error 404 'fs' is not in the npm registry.
27 error 404 You should bug the author to publish it
27 error 404
27 error 404 Note that you can also install from a
27 error 404 tarball, folder, or http url, or git url.
28 error System Windows_NT 6.1.7601
29 error command "D:\\nodejs\\\\node.exe" "D:\\nodejs\\node_modules\\npm\\bin\\npm-cli.js" "install" "fs"
30 error cwd E:\SVN\g2_proj\trunk\tweb\proj_weekly\app
31 error node -v v0.10.24
32 error npm -v 1.3.21
33 error code E404
34 verbose exit [ 1, true ]
